Copyright 1986-2017 Xilinx, Inc. All Rights Reserved.
-----------------------------------------------------------------------------------------------------------------------------------------------
| Tool Version : Vivado v.2017.4 (win64) Build 2086221 Fri Dec 15 20:55:39 MST 2017
| Date         : Sun Jun  2 20:27:48 2024
| Host         : jim running 64-bit major release  (build 9200)
| Command      : report_methodology -file top_methodology_drc_routed.rpt -pb top_methodology_drc_routed.pb -rpx top_methodology_drc_routed.rpx
| Design       : top
| Device       : xc7a35tcsg324-1
| Speed File   : -1
| Design State : Routed
-----------------------------------------------------------------------------------------------------------------------------------------------

Report Methodology

Table of Contents
-----------------
1. REPORT SUMMARY
2. REPORT DETAILS

1. REPORT SUMMARY
-----------------
            Netlist: netlist
          Floorplan: checkpoint_top_opt
      Design limits: <entire design considered>
             Max violations: <unlimited>
             Violations found: 162
+-----------+----------+-------------------------------------------+------------+
| Rule      | Severity | Description                               | Violations |
+-----------+----------+-------------------------------------------+------------+
| TIMING-17 | Warning  | Non-clocked sequential cell               | 56         |
| TIMING-20 | Warning  | Non-clocked latch                         | 105        |
| TIMING-27 | Warning  | Invalid primary clock on hierarchical pin | 1          |
+-----------+----------+-------------------------------------------+------------+

2. REPORT DETAILS
-----------------
TIMING-17#1 Warning
Non-clocked sequential cell  
The clock pin useg/FSM_sequential_count_reg[0]/C is not reached by a timing clock
Related violations: <none>

TIMING-17#2 Warning
Non-clocked sequential cell  
The clock pin useg/FSM_sequential_count_reg[1]/C is not reached by a timing clock
Related violations: <none>

TIMING-17#3 Warning
Non-clocked sequential cell  
The clock pin useg/FSM_sequential_count_reg[2]/C is not reached by a timing clock
Related violations: <none>

TIMING-17#4 Warning
Non-clocked sequential cell  
The clock pin useg/chip_sel_reg[0]/C is not reached by a timing clock
Related violations: <none>

TIMING-17#5 Warning
Non-clocked sequential cell  
The clock pin useg/chip_sel_reg[0]_lopt_replica/C is not reached by a timing clock
Related violations: <none>

TIMING-17#6 Warning
Non-clocked sequential cell  
The clock pin useg/chip_sel_reg[1]/C is not reached by a timing clock
Related violations: <none>

TIMING-17#7 Warning
Non-clocked sequential cell  
The clock pin useg/chip_sel_reg[1]_lopt_replica/C is not reached by a timing clock
Related violations: <none>

TIMING-17#8 Warning
Non-clocked sequential cell  
The clock pin useg/chip_sel_reg[2]/C is not reached by a timing clock
Related violations: <none>

TIMING-17#9 Warning
Non-clocked sequential cell  
The clock pin useg/chip_sel_reg[2]_lopt_replica/C is not reached by a timing clock
Related violations: <none>

TIMING-17#10 Warning
Non-clocked sequential cell  
The clock pin useg/chip_sel_reg[3]/C is not reached by a timing clock
Related violations: <none>

TIMING-17#11 Warning
Non-clocked sequential cell  
The clock pin useg/chip_sel_reg[3]_lopt_replica/C is not reached by a timing clock
Related violations: <none>

TIMING-17#12 Warning
Non-clocked sequential cell  
The clock pin useg/chip_sel_reg[4]/C is not reached by a timing clock
Related violations: <none>

TIMING-17#13 Warning
Non-clocked sequential cell  
The clock pin useg/chip_sel_reg[4]_lopt_replica/C is not reached by a timing clock
Related violations: <none>

TIMING-17#14 Warning
Non-clocked sequential cell  
The clock pin useg/chip_sel_reg[5]/C is not reached by a timing clock
Related violations: <none>

TIMING-17#15 Warning
Non-clocked sequential cell  
The clock pin useg/chip_sel_reg[5]_lopt_replica/C is not reached by a timing clock
Related violations: <none>

TIMING-17#16 Warning
Non-clocked sequential cell  
The clock pin useg/chip_sel_reg[6]/C is not reached by a timing clock
Related violations: <none>

TIMING-17#17 Warning
Non-clocked sequential cell  
The clock pin useg/chip_sel_reg[6]_lopt_replica/C is not reached by a timing clock
Related violations: <none>

TIMING-17#18 Warning
Non-clocked sequential cell  
The clock pin useg/chip_sel_reg[7]/C is not reached by a timing clock
Related violations: <none>

TIMING-17#19 Warning
Non-clocked sequential cell  
The clock pin useg/chip_sel_reg[7]_lopt_replica/C is not reached by a timing clock
Related violations: <none>

TIMING-17#20 Warning
Non-clocked sequential cell  
The clock pin useg/curdata_reg[0]/C is not reached by a timing clock
Related violations: <none>

TIMING-17#21 Warning
Non-clocked sequential cell  
The clock pin useg/curdata_reg[1]/C is not reached by a timing clock
Related violations: <none>

TIMING-17#22 Warning
Non-clocked sequential cell  
The clock pin useg/curdata_reg[2]/C is not reached by a timing clock
Related violations: <none>

TIMING-17#23 Warning
Non-clocked sequential cell  
The clock pin useg/curdata_reg[3]/C is not reached by a timing clock
Related violations: <none>

TIMING-17#24 Warning
Non-clocked sequential cell  
The clock pin usegclk/clk_2ms_reg/C is not reached by a timing clock
Related violations: <none>

TIMING-17#25 Warning
Non-clocked sequential cell  
The clock pin usegclk/cnt_2ms_reg[0]/C is not reached by a timing clock
Related violations: <none>

TIMING-17#26 Warning
Non-clocked sequential cell  
The clock pin usegclk/cnt_2ms_reg[10]/C is not reached by a timing clock
Related violations: <none>

TIMING-17#27 Warning
Non-clocked sequential cell  
The clock pin usegclk/cnt_2ms_reg[11]/C is not reached by a timing clock
Related violations: <none>

TIMING-17#28 Warning
Non-clocked sequential cell  
The clock pin usegclk/cnt_2ms_reg[12]/C is not reached by a timing clock
Related violations: <none>

TIMING-17#29 Warning
Non-clocked sequential cell  
The clock pin usegclk/cnt_2ms_reg[13]/C is not reached by a timing clock
Related violations: <none>

TIMING-17#30 Warning
Non-clocked sequential cell  
The clock pin usegclk/cnt_2ms_reg[14]/C is not reached by a timing clock
Related violations: <none>

TIMING-17#31 Warning
Non-clocked sequential cell  
The clock pin usegclk/cnt_2ms_reg[15]/C is not reached by a timing clock
Related violations: <none>

TIMING-17#32 Warning
Non-clocked sequential cell  
The clock pin usegclk/cnt_2ms_reg[16]/C is not reached by a timing clock
Related violations: <none>

TIMING-17#33 Warning
Non-clocked sequential cell  
The clock pin usegclk/cnt_2ms_reg[17]/C is not reached by a timing clock
Related violations: <none>

TIMING-17#34 Warning
Non-clocked sequential cell  
The clock pin usegclk/cnt_2ms_reg[18]/C is not reached by a timing clock
Related violations: <none>

TIMING-17#35 Warning
Non-clocked sequential cell  
The clock pin usegclk/cnt_2ms_reg[19]/C is not reached by a timing clock
Related violations: <none>

TIMING-17#36 Warning
Non-clocked sequential cell  
The clock pin usegclk/cnt_2ms_reg[1]/C is not reached by a timing clock
Related violations: <none>

TIMING-17#37 Warning
Non-clocked sequential cell  
The clock pin usegclk/cnt_2ms_reg[20]/C is not reached by a timing clock
Related violations: <none>

TIMING-17#38 Warning
Non-clocked sequential cell  
The clock pin usegclk/cnt_2ms_reg[21]/C is not reached by a timing clock
Related violations: <none>

TIMING-17#39 Warning
Non-clocked sequential cell  
The clock pin usegclk/cnt_2ms_reg[22]/C is not reached by a timing clock
Related violations: <none>

TIMING-17#40 Warning
Non-clocked sequential cell  
The clock pin usegclk/cnt_2ms_reg[23]/C is not reached by a timing clock
Related violations: <none>

TIMING-17#41 Warning
Non-clocked sequential cell  
The clock pin usegclk/cnt_2ms_reg[24]/C is not reached by a timing clock
Related violations: <none>

TIMING-17#42 Warning
Non-clocked sequential cell  
The clock pin usegclk/cnt_2ms_reg[25]/C is not reached by a timing clock
Related violations: <none>

TIMING-17#43 Warning
Non-clocked sequential cell  
The clock pin usegclk/cnt_2ms_reg[26]/C is not reached by a timing clock
Related violations: <none>

TIMING-17#44 Warning
Non-clocked sequential cell  
The clock pin usegclk/cnt_2ms_reg[27]/C is not reached by a timing clock
Related violations: <none>

TIMING-17#45 Warning
Non-clocked sequential cell  
The clock pin usegclk/cnt_2ms_reg[28]/C is not reached by a timing clock
Related violations: <none>

TIMING-17#46 Warning
Non-clocked sequential cell  
The clock pin usegclk/cnt_2ms_reg[29]/C is not reached by a timing clock
Related violations: <none>

TIMING-17#47 Warning
Non-clocked sequential cell  
The clock pin usegclk/cnt_2ms_reg[2]/C is not reached by a timing clock
Related violations: <none>

TIMING-17#48 Warning
Non-clocked sequential cell  
The clock pin usegclk/cnt_2ms_reg[30]/C is not reached by a timing clock
Related violations: <none>

TIMING-17#49 Warning
Non-clocked sequential cell  
The clock pin usegclk/cnt_2ms_reg[31]/C is not reached by a timing clock
Related violations: <none>

TIMING-17#50 Warning
Non-clocked sequential cell  
The clock pin usegclk/cnt_2ms_reg[3]/C is not reached by a timing clock
Related violations: <none>

TIMING-17#51 Warning
Non-clocked sequential cell  
The clock pin usegclk/cnt_2ms_reg[4]/C is not reached by a timing clock
Related violations: <none>

TIMING-17#52 Warning
Non-clocked sequential cell  
The clock pin usegclk/cnt_2ms_reg[5]/C is not reached by a timing clock
Related violations: <none>

TIMING-17#53 Warning
Non-clocked sequential cell  
The clock pin usegclk/cnt_2ms_reg[6]/C is not reached by a timing clock
Related violations: <none>

TIMING-17#54 Warning
Non-clocked sequential cell  
The clock pin usegclk/cnt_2ms_reg[7]/C is not reached by a timing clock
Related violations: <none>

TIMING-17#55 Warning
Non-clocked sequential cell  
The clock pin usegclk/cnt_2ms_reg[8]/C is not reached by a timing clock
Related violations: <none>

TIMING-17#56 Warning
Non-clocked sequential cell  
The clock pin usegclk/cnt_2ms_reg[9]/C is not reached by a timing clock
Related violations: <none>

TIMING-20#1 Warning
Non-clocked latch  
The latch ledLeft_reg[7]_i_3 cannot be properly analyzed as its control pin ledLeft_reg[7]_i_3/G is not reached by a timing clock
Related violations: <none>

TIMING-20#2 Warning
Non-clocked latch  
The latch uAlu/result_reg cannot be properly analyzed as its control pin uAlu/result_reg/G is not reached by a timing clock
Related violations: <none>

TIMING-20#3 Warning
Non-clocked latch  
The latch uContrl/RegWrite_reg cannot be properly analyzed as its control pin uContrl/RegWrite_reg/G is not reached by a timing clock
Related violations: <none>

TIMING-20#4 Warning
Non-clocked latch  
The latch uContrl/flag_reg cannot be properly analyzed as its control pin uContrl/flag_reg/G is not reached by a timing clock
Related violations: <none>

TIMING-20#5 Warning
Non-clocked latch  
The latch uDecoder/imm32_reg[0] cannot be properly analyzed as its control pin uDecoder/imm32_reg[0]/G is not reached by a timing clock
Related violations: <none>

TIMING-20#6 Warning
Non-clocked latch  
The latch uDecoder/imm32_reg[10] cannot be properly analyzed as its control pin uDecoder/imm32_reg[10]/G is not reached by a timing clock
Related violations: <none>

TIMING-20#7 Warning
Non-clocked latch  
The latch uDecoder/imm32_reg[11] cannot be properly analyzed as its control pin uDecoder/imm32_reg[11]/G is not reached by a timing clock
Related violations: <none>

TIMING-20#8 Warning
Non-clocked latch  
The latch uDecoder/imm32_reg[12] cannot be properly analyzed as its control pin uDecoder/imm32_reg[12]/G is not reached by a timing clock
Related violations: <none>

TIMING-20#9 Warning
Non-clocked latch  
The latch uDecoder/imm32_reg[13] cannot be properly analyzed as its control pin uDecoder/imm32_reg[13]/G is not reached by a timing clock
Related violations: <none>

TIMING-20#10 Warning
Non-clocked latch  
The latch uDecoder/imm32_reg[14] cannot be properly analyzed as its control pin uDecoder/imm32_reg[14]/G is not reached by a timing clock
Related violations: <none>

TIMING-20#11 Warning
Non-clocked latch  
The latch uDecoder/imm32_reg[15] cannot be properly analyzed as its control pin uDecoder/imm32_reg[15]/G is not reached by a timing clock
Related violations: <none>

TIMING-20#12 Warning
Non-clocked latch  
The latch uDecoder/imm32_reg[16] cannot be properly analyzed as its control pin uDecoder/imm32_reg[16]/G is not reached by a timing clock
Related violations: <none>

TIMING-20#13 Warning
Non-clocked latch  
The latch uDecoder/imm32_reg[17] cannot be properly analyzed as its control pin uDecoder/imm32_reg[17]/G is not reached by a timing clock
Related violations: <none>

TIMING-20#14 Warning
Non-clocked latch  
The latch uDecoder/imm32_reg[18] cannot be properly analyzed as its control pin uDecoder/imm32_reg[18]/G is not reached by a timing clock
Related violations: <none>

TIMING-20#15 Warning
Non-clocked latch  
The latch uDecoder/imm32_reg[19] cannot be properly analyzed as its control pin uDecoder/imm32_reg[19]/G is not reached by a timing clock
Related violations: <none>

TIMING-20#16 Warning
Non-clocked latch  
The latch uDecoder/imm32_reg[1] cannot be properly analyzed as its control pin uDecoder/imm32_reg[1]/G is not reached by a timing clock
Related violations: <none>

TIMING-20#17 Warning
Non-clocked latch  
The latch uDecoder/imm32_reg[20] cannot be properly analyzed as its control pin uDecoder/imm32_reg[20]/G is not reached by a timing clock
Related violations: <none>

TIMING-20#18 Warning
Non-clocked latch  
The latch uDecoder/imm32_reg[2] cannot be properly analyzed as its control pin uDecoder/imm32_reg[2]/G is not reached by a timing clock
Related violations: <none>

TIMING-20#19 Warning
Non-clocked latch  
The latch uDecoder/imm32_reg[3] cannot be properly analyzed as its control pin uDecoder/imm32_reg[3]/G is not reached by a timing clock
Related violations: <none>

TIMING-20#20 Warning
Non-clocked latch  
The latch uDecoder/imm32_reg[4] cannot be properly analyzed as its control pin uDecoder/imm32_reg[4]/G is not reached by a timing clock
Related violations: <none>

TIMING-20#21 Warning
Non-clocked latch  
The latch uDecoder/imm32_reg[5] cannot be properly analyzed as its control pin uDecoder/imm32_reg[5]/G is not reached by a timing clock
Related violations: <none>

TIMING-20#22 Warning
Non-clocked latch  
The latch uDecoder/imm32_reg[6] cannot be properly analyzed as its control pin uDecoder/imm32_reg[6]/G is not reached by a timing clock
Related violations: <none>

TIMING-20#23 Warning
Non-clocked latch  
The latch uDecoder/imm32_reg[7] cannot be properly analyzed as its control pin uDecoder/imm32_reg[7]/G is not reached by a timing clock
Related violations: <none>

TIMING-20#24 Warning
Non-clocked latch  
The latch uDecoder/imm32_reg[8] cannot be properly analyzed as its control pin uDecoder/imm32_reg[8]/G is not reached by a timing clock
Related violations: <none>

TIMING-20#25 Warning
Non-clocked latch  
The latch uDecoder/imm32_reg[9] cannot be properly analyzed as its control pin uDecoder/imm32_reg[9]/G is not reached by a timing clock
Related violations: <none>

TIMING-20#26 Warning
Non-clocked latch  
The latch uMemOrIO/io_wdata_reg[0] cannot be properly analyzed as its control pin uMemOrIO/io_wdata_reg[0]/G is not reached by a timing clock
Related violations: <none>

TIMING-20#27 Warning
Non-clocked latch  
The latch uMemOrIO/io_wdata_reg[10] cannot be properly analyzed as its control pin uMemOrIO/io_wdata_reg[10]/G is not reached by a timing clock
Related violations: <none>

TIMING-20#28 Warning
Non-clocked latch  
The latch uMemOrIO/io_wdata_reg[11] cannot be properly analyzed as its control pin uMemOrIO/io_wdata_reg[11]/G is not reached by a timing clock
Related violations: <none>

TIMING-20#29 Warning
Non-clocked latch  
The latch uMemOrIO/io_wdata_reg[12] cannot be properly analyzed as its control pin uMemOrIO/io_wdata_reg[12]/G is not reached by a timing clock
Related violations: <none>

TIMING-20#30 Warning
Non-clocked latch  
The latch uMemOrIO/io_wdata_reg[13] cannot be properly analyzed as its control pin uMemOrIO/io_wdata_reg[13]/G is not reached by a timing clock
Related violations: <none>

TIMING-20#31 Warning
Non-clocked latch  
The latch uMemOrIO/io_wdata_reg[14] cannot be properly analyzed as its control pin uMemOrIO/io_wdata_reg[14]/G is not reached by a timing clock
Related violations: <none>

TIMING-20#32 Warning
Non-clocked latch  
The latch uMemOrIO/io_wdata_reg[15] cannot be properly analyzed as its control pin uMemOrIO/io_wdata_reg[15]/G is not reached by a timing clock
Related violations: <none>

TIMING-20#33 Warning
Non-clocked latch  
The latch uMemOrIO/io_wdata_reg[16] cannot be properly analyzed as its control pin uMemOrIO/io_wdata_reg[16]/G is not reached by a timing clock
Related violations: <none>

TIMING-20#34 Warning
Non-clocked latch  
The latch uMemOrIO/io_wdata_reg[17] cannot be properly analyzed as its control pin uMemOrIO/io_wdata_reg[17]/G is not reached by a timing clock
Related violations: <none>

TIMING-20#35 Warning
Non-clocked latch  
The latch uMemOrIO/io_wdata_reg[18] cannot be properly analyzed as its control pin uMemOrIO/io_wdata_reg[18]/G is not reached by a timing clock
Related violations: <none>

TIMING-20#36 Warning
Non-clocked latch  
The latch uMemOrIO/io_wdata_reg[19] cannot be properly analyzed as its control pin uMemOrIO/io_wdata_reg[19]/G is not reached by a timing clock
Related violations: <none>

TIMING-20#37 Warning
Non-clocked latch  
The latch uMemOrIO/io_wdata_reg[1] cannot be properly analyzed as its control pin uMemOrIO/io_wdata_reg[1]/G is not reached by a timing clock
Related violations: <none>

TIMING-20#38 Warning
Non-clocked latch  
The latch uMemOrIO/io_wdata_reg[20] cannot be properly analyzed as its control pin uMemOrIO/io_wdata_reg[20]/G is not reached by a timing clock
Related violations: <none>

TIMING-20#39 Warning
Non-clocked latch  
The latch uMemOrIO/io_wdata_reg[21] cannot be properly analyzed as its control pin uMemOrIO/io_wdata_reg[21]/G is not reached by a timing clock
Related violations: <none>

TIMING-20#40 Warning
Non-clocked latch  
The latch uMemOrIO/io_wdata_reg[22] cannot be properly analyzed as its control pin uMemOrIO/io_wdata_reg[22]/G is not reached by a timing clock
Related violations: <none>

TIMING-20#41 Warning
Non-clocked latch  
The latch uMemOrIO/io_wdata_reg[23] cannot be properly analyzed as its control pin uMemOrIO/io_wdata_reg[23]/G is not reached by a timing clock
Related violations: <none>

TIMING-20#42 Warning
Non-clocked latch  
The latch uMemOrIO/io_wdata_reg[24] cannot be properly analyzed as its control pin uMemOrIO/io_wdata_reg[24]/G is not reached by a timing clock
Related violations: <none>

TIMING-20#43 Warning
Non-clocked latch  
The latch uMemOrIO/io_wdata_reg[25] cannot be properly analyzed as its control pin uMemOrIO/io_wdata_reg[25]/G is not reached by a timing clock
Related violations: <none>

TIMING-20#44 Warning
Non-clocked latch  
The latch uMemOrIO/io_wdata_reg[26] cannot be properly analyzed as its control pin uMemOrIO/io_wdata_reg[26]/G is not reached by a timing clock
Related violations: <none>

TIMING-20#45 Warning
Non-clocked latch  
The latch uMemOrIO/io_wdata_reg[27] cannot be properly analyzed as its control pin uMemOrIO/io_wdata_reg[27]/G is not reached by a timing clock
Related violations: <none>

TIMING-20#46 Warning
Non-clocked latch  
The latch uMemOrIO/io_wdata_reg[28] cannot be properly analyzed as its control pin uMemOrIO/io_wdata_reg[28]/G is not reached by a timing clock
Related violations: <none>

TIMING-20#47 Warning
Non-clocked latch  
The latch uMemOrIO/io_wdata_reg[29] cannot be properly analyzed as its control pin uMemOrIO/io_wdata_reg[29]/G is not reached by a timing clock
Related violations: <none>

TIMING-20#48 Warning
Non-clocked latch  
The latch uMemOrIO/io_wdata_reg[2] cannot be properly analyzed as its control pin uMemOrIO/io_wdata_reg[2]/G is not reached by a timing clock
Related violations: <none>

TIMING-20#49 Warning
Non-clocked latch  
The latch uMemOrIO/io_wdata_reg[30] cannot be properly analyzed as its control pin uMemOrIO/io_wdata_reg[30]/G is not reached by a timing clock
Related violations: <none>

TIMING-20#50 Warning
Non-clocked latch  
The latch uMemOrIO/io_wdata_reg[31] cannot be properly analyzed as its control pin uMemOrIO/io_wdata_reg[31]/G is not reached by a timing clock
Related violations: <none>

TIMING-20#51 Warning
Non-clocked latch  
The latch uMemOrIO/io_wdata_reg[3] cannot be properly analyzed as its control pin uMemOrIO/io_wdata_reg[3]/G is not reached by a timing clock
Related violations: <none>

TIMING-20#52 Warning
Non-clocked latch  
The latch uMemOrIO/io_wdata_reg[4] cannot be properly analyzed as its control pin uMemOrIO/io_wdata_reg[4]/G is not reached by a timing clock
Related violations: <none>

TIMING-20#53 Warning
Non-clocked latch  
The latch uMemOrIO/io_wdata_reg[5] cannot be properly analyzed as its control pin uMemOrIO/io_wdata_reg[5]/G is not reached by a timing clock
Related violations: <none>

TIMING-20#54 Warning
Non-clocked latch  
The latch uMemOrIO/io_wdata_reg[6] cannot be properly analyzed as its control pin uMemOrIO/io_wdata_reg[6]/G is not reached by a timing clock
Related violations: <none>

TIMING-20#55 Warning
Non-clocked latch  
The latch uMemOrIO/io_wdata_reg[7] cannot be properly analyzed as its control pin uMemOrIO/io_wdata_reg[7]/G is not reached by a timing clock
Related violations: <none>

TIMING-20#56 Warning
Non-clocked latch  
The latch uMemOrIO/io_wdata_reg[8] cannot be properly analyzed as its control pin uMemOrIO/io_wdata_reg[8]/G is not reached by a timing clock
Related violations: <none>

TIMING-20#57 Warning
Non-clocked latch  
The latch uMemOrIO/io_wdata_reg[9] cannot be properly analyzed as its control pin uMemOrIO/io_wdata_reg[9]/G is not reached by a timing clock
Related violations: <none>

TIMING-20#58 Warning
Non-clocked latch  
The latch uled/ledLeft_reg[0] cannot be properly analyzed as its control pin uled/ledLeft_reg[0]/G is not reached by a timing clock
Related violations: <none>

TIMING-20#59 Warning
Non-clocked latch  
The latch uled/ledLeft_reg[1] cannot be properly analyzed as its control pin uled/ledLeft_reg[1]/G is not reached by a timing clock
Related violations: <none>

TIMING-20#60 Warning
Non-clocked latch  
The latch uled/ledLeft_reg[2] cannot be properly analyzed as its control pin uled/ledLeft_reg[2]/G is not reached by a timing clock
Related violations: <none>

TIMING-20#61 Warning
Non-clocked latch  
The latch uled/ledLeft_reg[3] cannot be properly analyzed as its control pin uled/ledLeft_reg[3]/G is not reached by a timing clock
Related violations: <none>

TIMING-20#62 Warning
Non-clocked latch  
The latch uled/ledLeft_reg[4] cannot be properly analyzed as its control pin uled/ledLeft_reg[4]/G is not reached by a timing clock
Related violations: <none>

TIMING-20#63 Warning
Non-clocked latch  
The latch uled/ledLeft_reg[5] cannot be properly analyzed as its control pin uled/ledLeft_reg[5]/G is not reached by a timing clock
Related violations: <none>

TIMING-20#64 Warning
Non-clocked latch  
The latch uled/ledLeft_reg[6] cannot be properly analyzed as its control pin uled/ledLeft_reg[6]/G is not reached by a timing clock
Related violations: <none>

TIMING-20#65 Warning
Non-clocked latch  
The latch uled/ledLeft_reg[7] cannot be properly analyzed as its control pin uled/ledLeft_reg[7]/G is not reached by a timing clock
Related violations: <none>

TIMING-20#66 Warning
Non-clocked latch  
The latch uled/ledRight_reg[0] cannot be properly analyzed as its control pin uled/ledRight_reg[0]/G is not reached by a timing clock
Related violations: <none>

TIMING-20#67 Warning
Non-clocked latch  
The latch uled/ledRight_reg[1] cannot be properly analyzed as its control pin uled/ledRight_reg[1]/G is not reached by a timing clock
Related violations: <none>

TIMING-20#68 Warning
Non-clocked latch  
The latch uled/ledRight_reg[2] cannot be properly analyzed as its control pin uled/ledRight_reg[2]/G is not reached by a timing clock
Related violations: <none>

TIMING-20#69 Warning
Non-clocked latch  
The latch uled/ledRight_reg[3] cannot be properly analyzed as its control pin uled/ledRight_reg[3]/G is not reached by a timing clock
Related violations: <none>

TIMING-20#70 Warning
Non-clocked latch  
The latch uled/ledRight_reg[4] cannot be properly analyzed as its control pin uled/ledRight_reg[4]/G is not reached by a timing clock
Related violations: <none>

TIMING-20#71 Warning
Non-clocked latch  
The latch uled/ledRight_reg[5] cannot be properly analyzed as its control pin uled/ledRight_reg[5]/G is not reached by a timing clock
Related violations: <none>

TIMING-20#72 Warning
Non-clocked latch  
The latch uled/ledRight_reg[6] cannot be properly analyzed as its control pin uled/ledRight_reg[6]/G is not reached by a timing clock
Related violations: <none>

TIMING-20#73 Warning
Non-clocked latch  
The latch uled/ledRight_reg[7] cannot be properly analyzed as its control pin uled/ledRight_reg[7]/G is not reached by a timing clock
Related violations: <none>

TIMING-20#74 Warning
Non-clocked latch  
The latch useg/seg_ctrl_reg[0] cannot be properly analyzed as its control pin useg/seg_ctrl_reg[0]/G is not reached by a timing clock
Related violations: <none>

TIMING-20#75 Warning
Non-clocked latch  
The latch useg/seg_ctrl_reg[1] cannot be properly analyzed as its control pin useg/seg_ctrl_reg[1]/G is not reached by a timing clock
Related violations: <none>

TIMING-20#76 Warning
Non-clocked latch  
The latch useg/seg_ctrl_reg[2] cannot be properly analyzed as its control pin useg/seg_ctrl_reg[2]/G is not reached by a timing clock
Related violations: <none>

TIMING-20#77 Warning
Non-clocked latch  
The latch useg/seg_ctrl_reg[3] cannot be properly analyzed as its control pin useg/seg_ctrl_reg[3]/G is not reached by a timing clock
Related violations: <none>

TIMING-20#78 Warning
Non-clocked latch  
The latch useg/seg_ctrl_reg[4] cannot be properly analyzed as its control pin useg/seg_ctrl_reg[4]/G is not reached by a timing clock
Related violations: <none>

TIMING-20#79 Warning
Non-clocked latch  
The latch useg/seg_ctrl_reg[5] cannot be properly analyzed as its control pin useg/seg_ctrl_reg[5]/G is not reached by a timing clock
Related violations: <none>

TIMING-20#80 Warning
Non-clocked latch  
The latch useg/seg_ctrl_reg[6] cannot be properly analyzed as its control pin useg/seg_ctrl_reg[6]/G is not reached by a timing clock
Related violations: <none>

TIMING-20#81 Warning
Non-clocked latch  
The latch useg/seg_ctrl_reg[7] cannot be properly analyzed as its control pin useg/seg_ctrl_reg[7]/G is not reached by a timing clock
Related violations: <none>

TIMING-20#82 Warning
Non-clocked latch  
The latch useg/seg_ctrr_reg[0] cannot be properly analyzed as its control pin useg/seg_ctrr_reg[0]/G is not reached by a timing clock
Related violations: <none>

TIMING-20#83 Warning
Non-clocked latch  
The latch useg/seg_ctrr_reg[1] cannot be properly analyzed as its control pin useg/seg_ctrr_reg[1]/G is not reached by a timing clock
Related violations: <none>

TIMING-20#84 Warning
Non-clocked latch  
The latch useg/seg_ctrr_reg[2] cannot be properly analyzed as its control pin useg/seg_ctrr_reg[2]/G is not reached by a timing clock
Related violations: <none>

TIMING-20#85 Warning
Non-clocked latch  
The latch useg/seg_ctrr_reg[3] cannot be properly analyzed as its control pin useg/seg_ctrr_reg[3]/G is not reached by a timing clock
Related violations: <none>

TIMING-20#86 Warning
Non-clocked latch  
The latch useg/seg_ctrr_reg[4] cannot be properly analyzed as its control pin useg/seg_ctrr_reg[4]/G is not reached by a timing clock
Related violations: <none>

TIMING-20#87 Warning
Non-clocked latch  
The latch useg/seg_ctrr_reg[5] cannot be properly analyzed as its control pin useg/seg_ctrr_reg[5]/G is not reached by a timing clock
Related violations: <none>

TIMING-20#88 Warning
Non-clocked latch  
The latch useg/seg_ctrr_reg[6] cannot be properly analyzed as its control pin useg/seg_ctrr_reg[6]/G is not reached by a timing clock
Related violations: <none>

TIMING-20#89 Warning
Non-clocked latch  
The latch useg/seg_ctrr_reg[7] cannot be properly analyzed as its control pin useg/seg_ctrr_reg[7]/G is not reached by a timing clock
Related violations: <none>

TIMING-20#90 Warning
Non-clocked latch  
The latch uswitch/io_rdata_reg[0] cannot be properly analyzed as its control pin uswitch/io_rdata_reg[0]/G is not reached by a timing clock
Related violations: <none>

TIMING-20#91 Warning
Non-clocked latch  
The latch uswitch/io_rdata_reg[10] cannot be properly analyzed as its control pin uswitch/io_rdata_reg[10]/G is not reached by a timing clock
Related violations: <none>

TIMING-20#92 Warning
Non-clocked latch  
The latch uswitch/io_rdata_reg[11] cannot be properly analyzed as its control pin uswitch/io_rdata_reg[11]/G is not reached by a timing clock
Related violations: <none>

TIMING-20#93 Warning
Non-clocked latch  
The latch uswitch/io_rdata_reg[12] cannot be properly analyzed as its control pin uswitch/io_rdata_reg[12]/G is not reached by a timing clock
Related violations: <none>

TIMING-20#94 Warning
Non-clocked latch  
The latch uswitch/io_rdata_reg[13] cannot be properly analyzed as its control pin uswitch/io_rdata_reg[13]/G is not reached by a timing clock
Related violations: <none>

TIMING-20#95 Warning
Non-clocked latch  
The latch uswitch/io_rdata_reg[14] cannot be properly analyzed as its control pin uswitch/io_rdata_reg[14]/G is not reached by a timing clock
Related violations: <none>

TIMING-20#96 Warning
Non-clocked latch  
The latch uswitch/io_rdata_reg[16] cannot be properly analyzed as its control pin uswitch/io_rdata_reg[16]/G is not reached by a timing clock
Related violations: <none>

TIMING-20#97 Warning
Non-clocked latch  
The latch uswitch/io_rdata_reg[1] cannot be properly analyzed as its control pin uswitch/io_rdata_reg[1]/G is not reached by a timing clock
Related violations: <none>

TIMING-20#98 Warning
Non-clocked latch  
The latch uswitch/io_rdata_reg[2] cannot be properly analyzed as its control pin uswitch/io_rdata_reg[2]/G is not reached by a timing clock
Related violations: <none>

TIMING-20#99 Warning
Non-clocked latch  
The latch uswitch/io_rdata_reg[3] cannot be properly analyzed as its control pin uswitch/io_rdata_reg[3]/G is not reached by a timing clock
Related violations: <none>

TIMING-20#100 Warning
Non-clocked latch  
The latch uswitch/io_rdata_reg[4] cannot be properly analyzed as its control pin uswitch/io_rdata_reg[4]/G is not reached by a timing clock
Related violations: <none>

TIMING-20#101 Warning
Non-clocked latch  
The latch uswitch/io_rdata_reg[5] cannot be properly analyzed as its control pin uswitch/io_rdata_reg[5]/G is not reached by a timing clock
Related violations: <none>

TIMING-20#102 Warning
Non-clocked latch  
The latch uswitch/io_rdata_reg[6] cannot be properly analyzed as its control pin uswitch/io_rdata_reg[6]/G is not reached by a timing clock
Related violations: <none>

TIMING-20#103 Warning
Non-clocked latch  
The latch uswitch/io_rdata_reg[7] cannot be properly analyzed as its control pin uswitch/io_rdata_reg[7]/G is not reached by a timing clock
Related violations: <none>

TIMING-20#104 Warning
Non-clocked latch  
The latch uswitch/io_rdata_reg[8] cannot be properly analyzed as its control pin uswitch/io_rdata_reg[8]/G is not reached by a timing clock
Related violations: <none>

TIMING-20#105 Warning
Non-clocked latch  
The latch uswitch/io_rdata_reg[9] cannot be properly analyzed as its control pin uswitch/io_rdata_reg[9]/G is not reached by a timing clock
Related violations: <none>

TIMING-27#1 Warning
Invalid primary clock on hierarchical pin  
A primary clock ucpuclk/inst/clk_in1 is created on an inappropriate internal pin ucpuclk/inst/clk_in1. It is not recommended to create a primary clock on a hierarchical pin when its driver pin has a fanout connected to multiple clock pins
Related violations: <none>


