#-----------------------------------------------------------
# Vivado v2017.4 (64-bit)
# SW Build 2086221 on Fri Dec 15 20:55:39 MST 2017
# IP Build 2085800 on Fri Dec 15 22:25:07 MST 2017
# Start of session at: Sat May 11 10:28:58 2024
# Process ID: 2456
# Current directory: C:/Users/Tarkiya/Desktop/project_cpu
# Command line: vivado.exe -gui_launcher_event rodinguilauncherevent17932 C:\Users\Tarkiya\Desktop\project_cpu\project_cpu.xpr
# Log file: C:/Users/Tarkiya/Desktop/project_cpu/vivado.log
# Journal file: C:/Users/Tarkiya/Desktop/project_cpu\vivado.jou
#-----------------------------------------------------------
start_gui
open_project C:/Users/Tarkiya/Desktop/project_cpu/project_cpu.xpr
Scanning sources...
Finished scanning sources
INFO: [IP_Flow 19-234] Refreshing IP repositories
INFO: [IP_Flow 19-1704] No user IP repositories specified
INFO: [IP_Flow 19-2313] Loaded Vivado IP repository 'E:/Digital_logic/Xilinx/Vivado/2017.4/data/ip'.
open_project: Time (s): cpu = 00:00:05 ; elapsed = 00:00:07 . Memory (MB): peak = 827.984 ; gain = 101.680
update_compile_order -fileset sources_1
close [ open C:/Users/Tarkiya/Desktop/project_cpu/project_cpu.srcs/sources_1/new/Decoder.v w ]
add_files C:/Users/Tarkiya/Desktop/project_cpu/project_cpu.srcs/sources_1/new/Decoder.v
update_compile_order -fileset sources_1
close [ open C:/Users/Tarkiya/Desktop/project_cpu/project_cpu.srcs/sources_1/new/ImmGen.v w ]
add_files C:/Users/Tarkiya/Desktop/project_cpu/project_cpu.srcs/sources_1/new/ImmGen.v
update_compile_order -fileset sources_1
exit
INFO: [Common 17-206] Exiting Vivado at Sat May 11 11:34:56 2024...
