#-----------------------------------------------------------
# Vivado v2017.4 (64-bit)
# SW Build 2086221 on Fri Dec 15 20:55:39 MST 2017
# IP Build 2085800 on Fri Dec 15 22:25:07 MST 2017
# Start of session at: Sat May 11 21:10:03 2024
# Process ID: 16156
# Current directory: E:/Computer_Organization_Project/project_cpu
# Command line: vivado.exe -gui_launcher_event rodinguilauncherevent12904 E:\Computer_Organization_Project\project_cpu\project_cpu.xpr
# Log file: E:/Computer_Organization_Project/project_cpu/vivado.log
# Journal file: E:/Computer_Organization_Project/project_cpu\vivado.jou
#-----------------------------------------------------------
start_gui
open_project E:/Computer_Organization_Project/project_cpu/project_cpu.xpr
INFO: [Project 1-313] Project file moved from 'C:/Users/Tarkiya/Desktop/project_cpu' since last save.
Scanning sources...
Finished scanning sources
INFO: [IP_Flow 19-234] Refreshing IP repositories
INFO: [IP_Flow 19-1704] No user IP repositories specified
INFO: [IP_Flow 19-2313] Loaded Vivado IP repository 'E:/Digital_logic/Xilinx/Vivado/2017.4/data/ip'.
update_compile_order -fileset sources_1
close [ open E:/Computer_Organization_Project/project_cpu/project_cpu.srcs/sources_1/new/control.v w ]
add_files E:/Computer_Organization_Project/project_cpu/project_cpu.srcs/sources_1/new/control.v
close [ open E:/Computer_Organization_Project/project_cpu/project_cpu.srcs/sources_1/new/ALUControlPort.v w ]
add_files E:/Computer_Organization_Project/project_cpu/project_cpu.srcs/sources_1/new/ALUControlPort.v
close [ open E:/Computer_Organization_Project/project_cpu/project_cpu.srcs/sources_1/new/ALU.v w ]
add_files E:/Computer_Organization_Project/project_cpu/project_cpu.srcs/sources_1/new/ALU.v
update_compile_order -fileset sources_1
export_ip_user_files -of_objects  [get_files E:/Computer_Organization_Project/project_cpu/project_cpu.srcs/sources_1/new/ALU.v] -no_script -reset -force -quiet
remove_files  E:/Computer_Organization_Project/project_cpu/project_cpu.srcs/sources_1/new/ALU.v
export_ip_user_files -of_objects  [get_files E:/Computer_Organization_Project/project_cpu/project_cpu.srcs/sources_1/new/ALUControlPort.v] -no_script -reset -force -quiet
remove_files  E:/Computer_Organization_Project/project_cpu/project_cpu.srcs/sources_1/new/ALUControlPort.v
add_files -norecurse {E:/Computer_Organization_Project/project_cpu/project_cpu.srcs/sources_1/new/ALUControlPort.v E:/Computer_Organization_Project/project_cpu/project_cpu.srcs/sources_1/new/ALU.v}
update_compile_order -fileset sources_1
export_ip_user_files -of_objects  [get_files E:/Computer_Organization_Project/project_cpu/project_cpu.srcs/sources_1/new/ALU.v] -no_script -reset -force -quiet
remove_files  E:/Computer_Organization_Project/project_cpu/project_cpu.srcs/sources_1/new/ALU.v
file delete -force E:/Computer_Organization_Project/project_cpu/project_cpu.srcs/sources_1/new/ALU.v
export_ip_user_files -of_objects  [get_files E:/Computer_Organization_Project/project_cpu/project_cpu.srcs/sources_1/new/ALUControlPort.v] -no_script -reset -force -quiet
remove_files  E:/Computer_Organization_Project/project_cpu/project_cpu.srcs/sources_1/new/ALUControlPort.v
file delete -force E:/Computer_Organization_Project/project_cpu/project_cpu.srcs/sources_1/new/ALUControlPort.v
close [ open E:/Computer_Organization_Project/project_cpu/project_cpu.srcs/sources_1/new/ALU.v w ]
add_files E:/Computer_Organization_Project/project_cpu/project_cpu.srcs/sources_1/new/ALU.v
update_compile_order -fileset sources_1
close [ open E:/Computer_Organization_Project/project_cpu/project_cpu.srcs/sources_1/new/ALUControlPort.v w ]
add_files E:/Computer_Organization_Project/project_cpu/project_cpu.srcs/sources_1/new/ALUControlPort.v
update_compile_order -fileset sources_1
exit
INFO: [Common 17-206] Exiting Vivado at Sat May 11 21:14:21 2024...
